<html xmlns:string="xalan://java.lang.String" xmlns:lxslt="http://xml.apache.org/xslt">
    <head>
        <META http-equiv="Content-Type" content="text/html; charset=UTF-8">
        <title>Unit Test Results: All Tests</title>
        <link rel="stylesheet" type="text/css" title="Style" href="stylesheet.css">
    </head>
    <body onload="open('allclasses-frame.html','classListFrame')">
        <h1>Unit Test Results.</h1>
        <table width="100%">
            <tr>
                <td align="left"></td><td align="right">Designed for use with <a href="https://www.junit.org/">JUnit</a> and <a href="https://ant.apache.org/">Ant</a>.</td>
            </tr>
        </table>
        <hr size="1">
        <h2>All Tests</h2>
        <table class="details" border="0" cellpadding="5" cellspacing="2" width="95%">
            <tr valign="top">
                <th>Class</th><th>Name</th><th>Status</th><th width="80%">Type</th><th nowrap>Time(s)</th>
            </tr>
            <tr valign="top" class="Error">
                <td><a href="cameras/test/0_CameraSetTest.html">CameraSetTest</a></td><td><a name="testCameraSetSide"></a><a href="cameras/test/0_CameraSetTest.html#testCameraSetSide">testCameraSetSide</a></td><td>Error</td><td>N/A
                    <br>
                    <br>
                    <code>java.lang.NullPointerException
                        <br>
                        	at java.base/java.util.Objects.requireNonNull(Objects.java:208)
                        <br>
                        	at java.base/java.util.ImmutableCollections$List12.&lt;init&gt;(ImmutableCollections.java:556)
                        <br>
                        	at java.base/java.util.List.of(List.java:812)
                        <br>
                        	at cameras.Camera.&lt;init&gt;(Camera.java:22)
                        <br>
                        	at cameras.Camera$Builder.build(Camera.java:75)
                        <br>
                        	at cameras.CameraSet$Builder.build(CameraSet.java:88)
                        <br>
                        	at cameras.test.CameraSetTest.init(CameraSetTest.java:19)
                        <br>
                        	at java.base/jdk.internal.reflect.NativeMethodAccessorImpl.invoke0(Native Method)
                        <br>
                        	at java.base/jdk.internal.reflect.NativeMethodAccessorImpl.invoke(NativeMethodAccessorImpl.java:78)
                        <br>
                        	at java.base/jdk.internal.reflect.DelegatingMethodAccessorImpl.invoke(DelegatingMethodAccessorImpl.java:43)
                        <br>
                        	at java.base/java.lang.reflect.Method.invoke(Method.java:567)
                        <br>
                        	at org.junit.runners.model.FrameworkMethod$1.runReflectiveCall(FrameworkMethod.java:59)
                        <br>
                        	at org.junit.internal.runners.model.ReflectiveCallable.run(ReflectiveCallable.java:12)
                        <br>
                        	at org.junit.runners.model.FrameworkMethod.invokeExplosively(FrameworkMethod.java:56)
                        <br>
                        	at org.junit.internal.runners.statements.RunBefores.invokeMethod(RunBefores.java:33)
                        <br>
                        	at org.junit.internal.runners.statements.RunBefores.evaluate(RunBefores.java:24)
                        <br>
                        	at org.junit.runners.ParentRunner$3.evaluate(ParentRunner.java:306)
                        <br>
                        	at org.junit.runners.BlockJUnit4ClassRunner$1.evaluate(BlockJUnit4ClassRunner.java:100)
                        <br>
                        	at org.junit.runners.ParentRunner.runLeaf(ParentRunner.java:366)
                        <br>
                        	at org.junit.runners.BlockJUnit4ClassRunner.runChild(BlockJUnit4ClassRunner.java:103)
                        <br>
                        	at org.junit.runners.BlockJUnit4ClassRunner.runChild(BlockJUnit4ClassRunner.java:63)
                        <br>
                        	at org.junit.runners.ParentRunner$4.run(ParentRunner.java:331)
                        <br>
                        	at org.junit.runners.ParentRunner$1.schedule(ParentRunner.java:79)
                        <br>
                        	at org.junit.runners.ParentRunner.runChildren(ParentRunner.java:329)
                        <br>
                        	at org.junit.runners.ParentRunner.access$100(ParentRunner.java:66)
                        <br>
                        	at org.junit.runners.ParentRunner$2.evaluate(ParentRunner.java:293)
                        <br>
                        	at org.junit.runners.ParentRunner$3.evaluate(ParentRunner.java:306)
                        <br>
                        	at org.junit.runners.ParentRunner.run(ParentRunner.java:413)
                        <br>
                        	at junit.framework.JUnit4TestAdapter.run(JUnit4TestAdapter.java:50)
                        <br>
                        	at org.apache.tools.ant.taskdefs.optional.junit.JUnitTestRunner.run(JUnitTestRunner.java:535)
                        <br>
                        	at org.apache.tools.ant.taskdefs.optional.junit.JUnitTestRunner.launch(JUnitTestRunner.java:1197)
                        <br>
                        	at org.apache.tools.ant.taskdefs.optional.junit.JUnitTestRunner.main(JUnitTestRunner.java:1042)
                        <br>
                    </code></td><td>0.128</td>
            </tr>
            <tr valign="top" class="Error">
                <td><a href="cameras/test/0_CameraSetTest.html">CameraSetTest</a></td><td><a name="testCameraSetFront"></a><a href="cameras/test/0_CameraSetTest.html#testCameraSetFront">testCameraSetFront</a></td><td>Error</td><td>N/A
                    <br>
                    <br>
                    <code>java.lang.NullPointerException
                        <br>
                        	at java.base/java.util.Objects.requireNonNull(Objects.java:208)
                        <br>
                        	at java.base/java.util.ImmutableCollections$List12.&lt;init&gt;(ImmutableCollections.java:556)
                        <br>
                        	at java.base/java.util.List.of(List.java:812)
                        <br>
                        	at cameras.Camera.&lt;init&gt;(Camera.java:22)
                        <br>
                        	at cameras.Camera$Builder.build(Camera.java:75)
                        <br>
                        	at cameras.CameraSet$Builder.build(CameraSet.java:88)
                        <br>
                        	at cameras.test.CameraSetTest.init(CameraSetTest.java:19)
                        <br>
                        	at java.base/jdk.internal.reflect.NativeMethodAccessorImpl.invoke0(Native Method)
                        <br>
                        	at java.base/jdk.internal.reflect.NativeMethodAccessorImpl.invoke(NativeMethodAccessorImpl.java:78)
                        <br>
                        	at java.base/jdk.internal.reflect.DelegatingMethodAccessorImpl.invoke(DelegatingMethodAccessorImpl.java:43)
                        <br>
                        	at java.base/java.lang.reflect.Method.invoke(Method.java:567)
                        <br>
                        	at org.junit.runners.model.FrameworkMethod$1.runReflectiveCall(FrameworkMethod.java:59)
                        <br>
                        	at org.junit.internal.runners.model.ReflectiveCallable.run(ReflectiveCallable.java:12)
                        <br>
                        	at org.junit.runners.model.FrameworkMethod.invokeExplosively(FrameworkMethod.java:56)
                        <br>
                        	at org.junit.internal.runners.statements.RunBefores.invokeMethod(RunBefores.java:33)
                        <br>
                        	at org.junit.internal.runners.statements.RunBefores.evaluate(RunBefores.java:24)
                        <br>
                        	at org.junit.runners.ParentRunner$3.evaluate(ParentRunner.java:306)
                        <br>
                        	at org.junit.runners.BlockJUnit4ClassRunner$1.evaluate(BlockJUnit4ClassRunner.java:100)
                        <br>
                        	at org.junit.runners.ParentRunner.runLeaf(ParentRunner.java:366)
                        <br>
                        	at org.junit.runners.BlockJUnit4ClassRunner.runChild(BlockJUnit4ClassRunner.java:103)
                        <br>
                        	at org.junit.runners.BlockJUnit4ClassRunner.runChild(BlockJUnit4ClassRunner.java:63)
                        <br>
                        	at org.junit.runners.ParentRunner$4.run(ParentRunner.java:331)
                        <br>
                        	at org.junit.runners.ParentRunner$1.schedule(ParentRunner.java:79)
                        <br>
                        	at org.junit.runners.ParentRunner.runChildren(ParentRunner.java:329)
                        <br>
                        	at org.junit.runners.ParentRunner.access$100(ParentRunner.java:66)
                        <br>
                        	at org.junit.runners.ParentRunner$2.evaluate(ParentRunner.java:293)
                        <br>
                        	at org.junit.runners.ParentRunner$3.evaluate(ParentRunner.java:306)
                        <br>
                        	at org.junit.runners.ParentRunner.run(ParentRunner.java:413)
                        <br>
                        	at junit.framework.JUnit4TestAdapter.run(JUnit4TestAdapter.java:50)
                        <br>
                        	at org.apache.tools.ant.taskdefs.optional.junit.JUnitTestRunner.run(JUnitTestRunner.java:535)
                        <br>
                        	at org.apache.tools.ant.taskdefs.optional.junit.JUnitTestRunner.launch(JUnitTestRunner.java:1197)
                        <br>
                        	at org.apache.tools.ant.taskdefs.optional.junit.JUnitTestRunner.main(JUnitTestRunner.java:1042)
                        <br>
                    </code></td><td>0.002</td>
            </tr>
            <tr valign="top" class="Error">
                <td><a href="cameras/test/0_CameraSetTest.html">CameraSetTest</a></td><td><a name="testCameraAddNoChange"></a><a href="cameras/test/0_CameraSetTest.html#testCameraAddNoChange">testCameraAddNoChange</a></td><td>Error</td><td>N/A
                    <br>
                    <br>
                    <code>java.lang.NullPointerException
                        <br>
                        	at java.base/java.util.Objects.requireNonNull(Objects.java:208)
                        <br>
                        	at java.base/java.util.ImmutableCollections$List12.&lt;init&gt;(ImmutableCollections.java:556)
                        <br>
                        	at java.base/java.util.List.of(List.java:812)
                        <br>
                        	at cameras.Camera.&lt;init&gt;(Camera.java:22)
                        <br>
                        	at cameras.Camera$Builder.build(Camera.java:75)
                        <br>
                        	at cameras.CameraSet$Builder.build(CameraSet.java:88)
                        <br>
                        	at cameras.test.CameraSetTest.init(CameraSetTest.java:19)
                        <br>
                        	at java.base/jdk.internal.reflect.NativeMethodAccessorImpl.invoke0(Native Method)
                        <br>
                        	at java.base/jdk.internal.reflect.NativeMethodAccessorImpl.invoke(NativeMethodAccessorImpl.java:78)
                        <br>
                        	at java.base/jdk.internal.reflect.DelegatingMethodAccessorImpl.invoke(DelegatingMethodAccessorImpl.java:43)
                        <br>
                        	at java.base/java.lang.reflect.Method.invoke(Method.java:567)
                        <br>
                        	at org.junit.runners.model.FrameworkMethod$1.runReflectiveCall(FrameworkMethod.java:59)
                        <br>
                        	at org.junit.internal.runners.model.ReflectiveCallable.run(ReflectiveCallable.java:12)
                        <br>
                        	at org.junit.runners.model.FrameworkMethod.invokeExplosively(FrameworkMethod.java:56)
                        <br>
                        	at org.junit.internal.runners.statements.RunBefores.invokeMethod(RunBefores.java:33)
                        <br>
                        	at org.junit.internal.runners.statements.RunBefores.evaluate(RunBefores.java:24)
                        <br>
                        	at org.junit.runners.ParentRunner$3.evaluate(ParentRunner.java:306)
                        <br>
                        	at org.junit.runners.BlockJUnit4ClassRunner$1.evaluate(BlockJUnit4ClassRunner.java:100)
                        <br>
                        	at org.junit.runners.ParentRunner.runLeaf(ParentRunner.java:366)
                        <br>
                        	at org.junit.runners.BlockJUnit4ClassRunner.runChild(BlockJUnit4ClassRunner.java:103)
                        <br>
                        	at org.junit.runners.BlockJUnit4ClassRunner.runChild(BlockJUnit4ClassRunner.java:63)
                        <br>
                        	at org.junit.runners.ParentRunner$4.run(ParentRunner.java:331)
                        <br>
                        	at org.junit.runners.ParentRunner$1.schedule(ParentRunner.java:79)
                        <br>
                        	at org.junit.runners.ParentRunner.runChildren(ParentRunner.java:329)
                        <br>
                        	at org.junit.runners.ParentRunner.access$100(ParentRunner.java:66)
                        <br>
                        	at org.junit.runners.ParentRunner$2.evaluate(ParentRunner.java:293)
                        <br>
                        	at org.junit.runners.ParentRunner$3.evaluate(ParentRunner.java:306)
                        <br>
                        	at org.junit.runners.ParentRunner.run(ParentRunner.java:413)
                        <br>
                        	at junit.framework.JUnit4TestAdapter.run(JUnit4TestAdapter.java:50)
                        <br>
                        	at org.apache.tools.ant.taskdefs.optional.junit.JUnitTestRunner.run(JUnitTestRunner.java:535)
                        <br>
                        	at org.apache.tools.ant.taskdefs.optional.junit.JUnitTestRunner.launch(JUnitTestRunner.java:1197)
                        <br>
                        	at org.apache.tools.ant.taskdefs.optional.junit.JUnitTestRunner.main(JUnitTestRunner.java:1042)
                        <br>
                    </code></td><td>0.002</td>
            </tr>
            <tr valign="top" class="Error">
                <td><a href="cameras/test/0_CameraSetTest.html">CameraSetTest</a></td><td><a name="testCameraSetTop"></a><a href="cameras/test/0_CameraSetTest.html#testCameraSetTop">testCameraSetTop</a></td><td>Error</td><td>N/A
                    <br>
                    <br>
                    <code>java.lang.NullPointerException
                        <br>
                        	at java.base/java.util.Objects.requireNonNull(Objects.java:208)
                        <br>
                        	at java.base/java.util.ImmutableCollections$List12.&lt;init&gt;(ImmutableCollections.java:556)
                        <br>
                        	at java.base/java.util.List.of(List.java:812)
                        <br>
                        	at cameras.Camera.&lt;init&gt;(Camera.java:22)
                        <br>
                        	at cameras.Camera$Builder.build(Camera.java:75)
                        <br>
                        	at cameras.CameraSet$Builder.build(CameraSet.java:88)
                        <br>
                        	at cameras.test.CameraSetTest.init(CameraSetTest.java:19)
                        <br>
                        	at java.base/jdk.internal.reflect.NativeMethodAccessorImpl.invoke0(Native Method)
                        <br>
                        	at java.base/jdk.internal.reflect.NativeMethodAccessorImpl.invoke(NativeMethodAccessorImpl.java:78)
                        <br>
                        	at java.base/jdk.internal.reflect.DelegatingMethodAccessorImpl.invoke(DelegatingMethodAccessorImpl.java:43)
                        <br>
                        	at java.base/java.lang.reflect.Method.invoke(Method.java:567)
                        <br>
                        	at org.junit.runners.model.FrameworkMethod$1.runReflectiveCall(FrameworkMethod.java:59)
                        <br>
                        	at org.junit.internal.runners.model.ReflectiveCallable.run(ReflectiveCallable.java:12)
                        <br>
                        	at org.junit.runners.model.FrameworkMethod.invokeExplosively(FrameworkMethod.java:56)
                        <br>
                        	at org.junit.internal.runners.statements.RunBefores.invokeMethod(RunBefores.java:33)
                        <br>
                        	at org.junit.internal.runners.statements.RunBefores.evaluate(RunBefores.java:24)
                        <br>
                        	at org.junit.runners.ParentRunner$3.evaluate(ParentRunner.java:306)
                        <br>
                        	at org.junit.runners.BlockJUnit4ClassRunner$1.evaluate(BlockJUnit4ClassRunner.java:100)
                        <br>
                        	at org.junit.runners.ParentRunner.runLeaf(ParentRunner.java:366)
                        <br>
                        	at org.junit.runners.BlockJUnit4ClassRunner.runChild(BlockJUnit4ClassRunner.java:103)
                        <br>
                        	at org.junit.runners.BlockJUnit4ClassRunner.runChild(BlockJUnit4ClassRunner.java:63)
                        <br>
                        	at org.junit.runners.ParentRunner$4.run(ParentRunner.java:331)
                        <br>
                        	at org.junit.runners.ParentRunner$1.schedule(ParentRunner.java:79)
                        <br>
                        	at org.junit.runners.ParentRunner.runChildren(ParentRunner.java:329)
                        <br>
                        	at org.junit.runners.ParentRunner.access$100(ParentRunner.java:66)
                        <br>
                        	at org.junit.runners.ParentRunner$2.evaluate(ParentRunner.java:293)
                        <br>
                        	at org.junit.runners.ParentRunner$3.evaluate(ParentRunner.java:306)
                        <br>
                        	at org.junit.runners.ParentRunner.run(ParentRunner.java:413)
                        <br>
                        	at junit.framework.JUnit4TestAdapter.run(JUnit4TestAdapter.java:50)
                        <br>
                        	at org.apache.tools.ant.taskdefs.optional.junit.JUnitTestRunner.run(JUnitTestRunner.java:535)
                        <br>
                        	at org.apache.tools.ant.taskdefs.optional.junit.JUnitTestRunner.launch(JUnitTestRunner.java:1197)
                        <br>
                        	at org.apache.tools.ant.taskdefs.optional.junit.JUnitTestRunner.main(JUnitTestRunner.java:1042)
                        <br>
                    </code></td><td>0.002</td>
            </tr>
            <tr valign="top" class="Error">
                <td><a href="cameras/test/0_CameraSetTest.html">CameraSetTest</a></td><td><a name="testCameraAddWrong"></a><a href="cameras/test/0_CameraSetTest.html#testCameraAddWrong">testCameraAddWrong</a></td><td>Error</td><td>N/A
                    <br>
                    <br>
                    <code>java.lang.NullPointerException
                        <br>
                        	at java.base/java.util.Objects.requireNonNull(Objects.java:208)
                        <br>
                        	at java.base/java.util.ImmutableCollections$List12.&lt;init&gt;(ImmutableCollections.java:556)
                        <br>
                        	at java.base/java.util.List.of(List.java:812)
                        <br>
                        	at cameras.Camera.&lt;init&gt;(Camera.java:22)
                        <br>
                        	at cameras.Camera$Builder.build(Camera.java:75)
                        <br>
                        	at cameras.CameraSet$Builder.build(CameraSet.java:88)
                        <br>
                        	at cameras.test.CameraSetTest.init(CameraSetTest.java:19)
                        <br>
                        	at java.base/jdk.internal.reflect.NativeMethodAccessorImpl.invoke0(Native Method)
                        <br>
                        	at java.base/jdk.internal.reflect.NativeMethodAccessorImpl.invoke(NativeMethodAccessorImpl.java:78)
                        <br>
                        	at java.base/jdk.internal.reflect.DelegatingMethodAccessorImpl.invoke(DelegatingMethodAccessorImpl.java:43)
                        <br>
                        	at java.base/java.lang.reflect.Method.invoke(Method.java:567)
                        <br>
                        	at org.junit.runners.model.FrameworkMethod$1.runReflectiveCall(FrameworkMethod.java:59)
                        <br>
                        	at org.junit.internal.runners.model.ReflectiveCallable.run(ReflectiveCallable.java:12)
                        <br>
                        	at org.junit.runners.model.FrameworkMethod.invokeExplosively(FrameworkMethod.java:56)
                        <br>
                        	at org.junit.internal.runners.statements.RunBefores.invokeMethod(RunBefores.java:33)
                        <br>
                        	at org.junit.internal.runners.statements.RunBefores.evaluate(RunBefores.java:24)
                        <br>
                        	at org.junit.runners.ParentRunner$3.evaluate(ParentRunner.java:306)
                        <br>
                        	at org.junit.runners.BlockJUnit4ClassRunner$1.evaluate(BlockJUnit4ClassRunner.java:100)
                        <br>
                        	at org.junit.runners.ParentRunner.runLeaf(ParentRunner.java:366)
                        <br>
                        	at org.junit.runners.BlockJUnit4ClassRunner.runChild(BlockJUnit4ClassRunner.java:103)
                        <br>
                        	at org.junit.runners.BlockJUnit4ClassRunner.runChild(BlockJUnit4ClassRunner.java:63)
                        <br>
                        	at org.junit.runners.ParentRunner$4.run(ParentRunner.java:331)
                        <br>
                        	at org.junit.runners.ParentRunner$1.schedule(ParentRunner.java:79)
                        <br>
                        	at org.junit.runners.ParentRunner.runChildren(ParentRunner.java:329)
                        <br>
                        	at org.junit.runners.ParentRunner.access$100(ParentRunner.java:66)
                        <br>
                        	at org.junit.runners.ParentRunner$2.evaluate(ParentRunner.java:293)
                        <br>
                        	at org.junit.runners.ParentRunner$3.evaluate(ParentRunner.java:306)
                        <br>
                        	at org.junit.runners.ParentRunner.run(ParentRunner.java:413)
                        <br>
                        	at junit.framework.JUnit4TestAdapter.run(JUnit4TestAdapter.java:50)
                        <br>
                        	at org.apache.tools.ant.taskdefs.optional.junit.JUnitTestRunner.run(JUnitTestRunner.java:535)
                        <br>
                        	at org.apache.tools.ant.taskdefs.optional.junit.JUnitTestRunner.launch(JUnitTestRunner.java:1197)
                        <br>
                        	at org.apache.tools.ant.taskdefs.optional.junit.JUnitTestRunner.main(JUnitTestRunner.java:1042)
                        <br>
                    </code></td><td>0.009</td>
            </tr>
            <tr valign="top" class="Error">
                <td><a href="cameras/test/1_CameraTest.html">CameraTest</a></td><td><a name="testDegenCameraBuilding"></a><a href="cameras/test/1_CameraTest.html#testDegenCameraBuilding">testDegenCameraBuilding</a></td><td>Error</td><td>Unexpected exception, expected&lt;java.lang.IllegalArgumentException&gt; but was&lt;java.lang.NullPointerException&gt;
                    <br>
                    <br>
                    <code>java.lang.Exception: Unexpected exception, expected&lt;java.lang.IllegalArgumentException&gt; but was&lt;java.lang.NullPointerException&gt;
                        <br>
                        	at org.junit.internal.runners.statements.ExpectException.evaluate(ExpectException.java:30)
                        <br>
                        	at org.junit.runners.ParentRunner$3.evaluate(ParentRunner.java:306)
                        <br>
                        	at org.junit.runners.BlockJUnit4ClassRunner$1.evaluate(BlockJUnit4ClassRunner.java:100)
                        <br>
                        	at org.junit.runners.ParentRunner.runLeaf(ParentRunner.java:366)
                        <br>
                        	at org.junit.runners.BlockJUnit4ClassRunner.runChild(BlockJUnit4ClassRunner.java:103)
                        <br>
                        	at org.junit.runners.BlockJUnit4ClassRunner.runChild(BlockJUnit4ClassRunner.java:63)
                        <br>
                        	at org.junit.runners.ParentRunner$4.run(ParentRunner.java:331)
                        <br>
                        	at org.junit.runners.ParentRunner$1.schedule(ParentRunner.java:79)
                        <br>
                        	at org.junit.runners.ParentRunner.runChildren(ParentRunner.java:329)
                        <br>
                        	at org.junit.runners.ParentRunner.access$100(ParentRunner.java:66)
                        <br>
                        	at org.junit.runners.ParentRunner$2.evaluate(ParentRunner.java:293)
                        <br>
                        	at org.junit.runners.ParentRunner$3.evaluate(ParentRunner.java:306)
                        <br>
                        	at org.junit.runners.ParentRunner.run(ParentRunner.java:413)
                        <br>
                        	at junit.framework.JUnit4TestAdapter.run(JUnit4TestAdapter.java:50)
                        <br>
                        	at org.apache.tools.ant.taskdefs.optional.junit.JUnitTestRunner.run(JUnitTestRunner.java:535)
                        <br>
                        	at org.apache.tools.ant.taskdefs.optional.junit.JUnitTestRunner.launch(JUnitTestRunner.java:1197)
                        <br>
                        	at org.apache.tools.ant.taskdefs.optional.junit.JUnitTestRunner.main(JUnitTestRunner.java:1042)
                        <br>
                        Caused by: java.lang.NullPointerException
                        <br>
                        	at java.base/java.util.Objects.requireNonNull(Objects.java:208)
                        <br>
                        	at cameras.Camera$Builder.build(Camera.java:73)
                        <br>
                        	at cameras.test.CameraTest.testDegenCameraBuilding(CameraTest.java:24)
                        <br>
                        	at java.base/jdk.internal.reflect.NativeMethodAccessorImpl.invoke0(Native Method)
                        <br>
                        	at java.base/jdk.internal.reflect.NativeMethodAccessorImpl.invoke(NativeMethodAccessorImpl.java:78)
                        <br>
                        	at java.base/jdk.internal.reflect.DelegatingMethodAccessorImpl.invoke(DelegatingMethodAccessorImpl.java:43)
                        <br>
                        	at java.base/java.lang.reflect.Method.invoke(Method.java:567)
                        <br>
                        	at org.junit.runners.model.FrameworkMethod$1.runReflectiveCall(FrameworkMethod.java:59)
                        <br>
                        	at org.junit.internal.runners.model.ReflectiveCallable.run(ReflectiveCallable.java:12)
                        <br>
                        	at org.junit.runners.model.FrameworkMethod.invokeExplosively(FrameworkMethod.java:56)
                        <br>
                        	at org.junit.internal.runners.statements.InvokeMethod.evaluate(InvokeMethod.java:17)
                        <br>
                        	at org.junit.internal.runners.statements.ExpectException.evaluate(ExpectException.java:19)
                        <br>
                        	... 16 more
                        <br>
                    </code></td><td>0.035</td>
            </tr>
            <tr valign="top" class="Error">
                <td><a href="cameras/test/1_CameraTest.html">CameraTest</a></td><td><a name="testCameraAddFail"></a><a href="cameras/test/1_CameraTest.html#testCameraAddFail">testCameraAddFail</a></td><td>Error</td><td>Unexpected exception, expected&lt;cameras.Camera$ChangeDetectedException&gt; but was&lt;java.lang.NullPointerException&gt;
                    <br>
                    <br>
                    <code>java.lang.Exception: Unexpected exception, expected&lt;cameras.Camera$ChangeDetectedException&gt; but was&lt;java.lang.NullPointerException&gt;
                        <br>
                        	at org.junit.internal.runners.statements.ExpectException.evaluate(ExpectException.java:30)
                        <br>
                        	at org.junit.runners.ParentRunner$3.evaluate(ParentRunner.java:306)
                        <br>
                        	at org.junit.runners.BlockJUnit4ClassRunner$1.evaluate(BlockJUnit4ClassRunner.java:100)
                        <br>
                        	at org.junit.runners.ParentRunner.runLeaf(ParentRunner.java:366)
                        <br>
                        	at org.junit.runners.BlockJUnit4ClassRunner.runChild(BlockJUnit4ClassRunner.java:103)
                        <br>
                        	at org.junit.runners.BlockJUnit4ClassRunner.runChild(BlockJUnit4ClassRunner.java:63)
                        <br>
                        	at org.junit.runners.ParentRunner$4.run(ParentRunner.java:331)
                        <br>
                        	at org.junit.runners.ParentRunner$1.schedule(ParentRunner.java:79)
                        <br>
                        	at org.junit.runners.ParentRunner.runChildren(ParentRunner.java:329)
                        <br>
                        	at org.junit.runners.ParentRunner.access$100(ParentRunner.java:66)
                        <br>
                        	at org.junit.runners.ParentRunner$2.evaluate(ParentRunner.java:293)
                        <br>
                        	at org.junit.runners.ParentRunner$3.evaluate(ParentRunner.java:306)
                        <br>
                        	at org.junit.runners.ParentRunner.run(ParentRunner.java:413)
                        <br>
                        	at junit.framework.JUnit4TestAdapter.run(JUnit4TestAdapter.java:50)
                        <br>
                        	at org.apache.tools.ant.taskdefs.optional.junit.JUnitTestRunner.run(JUnitTestRunner.java:535)
                        <br>
                        	at org.apache.tools.ant.taskdefs.optional.junit.JUnitTestRunner.launch(JUnitTestRunner.java:1197)
                        <br>
                        	at org.apache.tools.ant.taskdefs.optional.junit.JUnitTestRunner.main(JUnitTestRunner.java:1042)
                        <br>
                        Caused by: java.lang.NullPointerException
                        <br>
                        	at java.base/java.util.Objects.requireNonNull(Objects.java:208)
                        <br>
                        	at java.base/java.util.ImmutableCollections$List12.&lt;init&gt;(ImmutableCollections.java:556)
                        <br>
                        	at java.base/java.util.List.of(List.java:812)
                        <br>
                        	at cameras.Camera.&lt;init&gt;(Camera.java:22)
                        <br>
                        	at cameras.Camera$Builder.build(Camera.java:75)
                        <br>
                        	at cameras.test.CameraTest.testCameraAddFail(CameraTest.java:55)
                        <br>
                        	at java.base/jdk.internal.reflect.NativeMethodAccessorImpl.invoke0(Native Method)
                        <br>
                        	at java.base/jdk.internal.reflect.NativeMethodAccessorImpl.invoke(NativeMethodAccessorImpl.java:78)
                        <br>
                        	at java.base/jdk.internal.reflect.DelegatingMethodAccessorImpl.invoke(DelegatingMethodAccessorImpl.java:43)
                        <br>
                        	at java.base/java.lang.reflect.Method.invoke(Method.java:567)
                        <br>
                        	at org.junit.runners.model.FrameworkMethod$1.runReflectiveCall(FrameworkMethod.java:59)
                        <br>
                        	at org.junit.internal.runners.model.ReflectiveCallable.run(ReflectiveCallable.java:12)
                        <br>
                        	at org.junit.runners.model.FrameworkMethod.invokeExplosively(FrameworkMethod.java:56)
                        <br>
                        	at org.junit.internal.runners.statements.InvokeMethod.evaluate(InvokeMethod.java:17)
                        <br>
                        	at org.junit.internal.runners.statements.ExpectException.evaluate(ExpectException.java:19)
                        <br>
                        	... 16 more
                        <br>
                    </code></td><td>0.014</td>
            </tr>
            <tr valign="top" class="Error">
                <td><a href="cameras/test/1_CameraTest.html">CameraTest</a></td><td><a name="testCameraBuilding"></a><a href="cameras/test/1_CameraTest.html#testCameraBuilding">testCameraBuilding</a></td><td>Error</td><td>N/A
                    <br>
                    <br>
                    <code>java.lang.NullPointerException
                        <br>
                        	at java.base/java.util.Objects.requireNonNull(Objects.java:208)
                        <br>
                        	at java.base/java.util.ImmutableCollections$List12.&lt;init&gt;(ImmutableCollections.java:556)
                        <br>
                        	at java.base/java.util.List.of(List.java:812)
                        <br>
                        	at cameras.Camera.&lt;init&gt;(Camera.java:22)
                        <br>
                        	at cameras.Camera$Builder.build(Camera.java:75)
                        <br>
                        	at cameras.test.CameraTest.testCameraBuilding(CameraTest.java:15)
                        <br>
                        	at java.base/jdk.internal.reflect.NativeMethodAccessorImpl.invoke0(Native Method)
                        <br>
                        	at java.base/jdk.internal.reflect.NativeMethodAccessorImpl.invoke(NativeMethodAccessorImpl.java:78)
                        <br>
                        	at java.base/jdk.internal.reflect.DelegatingMethodAccessorImpl.invoke(DelegatingMethodAccessorImpl.java:43)
                        <br>
                        	at java.base/java.lang.reflect.Method.invoke(Method.java:567)
                        <br>
                        	at org.junit.runners.model.FrameworkMethod$1.runReflectiveCall(FrameworkMethod.java:59)
                        <br>
                        	at org.junit.internal.runners.model.ReflectiveCallable.run(ReflectiveCallable.java:12)
                        <br>
                        	at org.junit.runners.model.FrameworkMethod.invokeExplosively(FrameworkMethod.java:56)
                        <br>
                        	at org.junit.internal.runners.statements.InvokeMethod.evaluate(InvokeMethod.java:17)
                        <br>
                        	at org.junit.runners.ParentRunner$3.evaluate(ParentRunner.java:306)
                        <br>
                        	at org.junit.runners.BlockJUnit4ClassRunner$1.evaluate(BlockJUnit4ClassRunner.java:100)
                        <br>
                        	at org.junit.runners.ParentRunner.runLeaf(ParentRunner.java:366)
                        <br>
                        	at org.junit.runners.BlockJUnit4ClassRunner.runChild(BlockJUnit4ClassRunner.java:103)
                        <br>
                        	at org.junit.runners.BlockJUnit4ClassRunner.runChild(BlockJUnit4ClassRunner.java:63)
                        <br>
                        	at org.junit.runners.ParentRunner$4.run(ParentRunner.java:331)
                        <br>
                        	at org.junit.runners.ParentRunner$1.schedule(ParentRunner.java:79)
                        <br>
                        	at org.junit.runners.ParentRunner.runChildren(ParentRunner.java:329)
                        <br>
                        	at org.junit.runners.ParentRunner.access$100(ParentRunner.java:66)
                        <br>
                        	at org.junit.runners.ParentRunner$2.evaluate(ParentRunner.java:293)
                        <br>
                        	at org.junit.runners.ParentRunner$3.evaluate(ParentRunner.java:306)
                        <br>
                        	at org.junit.runners.ParentRunner.run(ParentRunner.java:413)
                        <br>
                        	at junit.framework.JUnit4TestAdapter.run(JUnit4TestAdapter.java:50)
                        <br>
                        	at org.apache.tools.ant.taskdefs.optional.junit.JUnitTestRunner.run(JUnitTestRunner.java:535)
                        <br>
                        	at org.apache.tools.ant.taskdefs.optional.junit.JUnitTestRunner.launch(JUnitTestRunner.java:1197)
                        <br>
                        	at org.apache.tools.ant.taskdefs.optional.junit.JUnitTestRunner.main(JUnitTestRunner.java:1042)
                        <br>
                    </code></td><td>0.002</td>
            </tr>
            <tr valign="top" class="Error">
                <td><a href="cameras/test/1_CameraTest.html">CameraTest</a></td><td><a name="testCameraAddNormal"></a><a href="cameras/test/1_CameraTest.html#testCameraAddNormal">testCameraAddNormal</a></td><td>Error</td><td>N/A
                    <br>
                    <br>
                    <code>java.lang.NullPointerException
                        <br>
                        	at java.base/java.util.Objects.requireNonNull(Objects.java:208)
                        <br>
                        	at java.base/java.util.ImmutableCollections$List12.&lt;init&gt;(ImmutableCollections.java:556)
                        <br>
                        	at java.base/java.util.List.of(List.java:812)
                        <br>
                        	at cameras.Camera.&lt;init&gt;(Camera.java:22)
                        <br>
                        	at cameras.Camera$Builder.build(Camera.java:75)
                        <br>
                        	at cameras.test.CameraTest.testCameraAddNormal(CameraTest.java:34)
                        <br>
                        	at java.base/jdk.internal.reflect.NativeMethodAccessorImpl.invoke0(Native Method)
                        <br>
                        	at java.base/jdk.internal.reflect.NativeMethodAccessorImpl.invoke(NativeMethodAccessorImpl.java:78)
                        <br>
                        	at java.base/jdk.internal.reflect.DelegatingMethodAccessorImpl.invoke(DelegatingMethodAccessorImpl.java:43)
                        <br>
                        	at java.base/java.lang.reflect.Method.invoke(Method.java:567)
                        <br>
                        	at org.junit.runners.model.FrameworkMethod$1.runReflectiveCall(FrameworkMethod.java:59)
                        <br>
                        	at org.junit.internal.runners.model.ReflectiveCallable.run(ReflectiveCallable.java:12)
                        <br>
                        	at org.junit.runners.model.FrameworkMethod.invokeExplosively(FrameworkMethod.java:56)
                        <br>
                        	at org.junit.internal.runners.statements.InvokeMethod.evaluate(InvokeMethod.java:17)
                        <br>
                        	at org.junit.runners.ParentRunner$3.evaluate(ParentRunner.java:306)
                        <br>
                        	at org.junit.runners.BlockJUnit4ClassRunner$1.evaluate(BlockJUnit4ClassRunner.java:100)
                        <br>
                        	at org.junit.runners.ParentRunner.runLeaf(ParentRunner.java:366)
                        <br>
                        	at org.junit.runners.BlockJUnit4ClassRunner.runChild(BlockJUnit4ClassRunner.java:103)
                        <br>
                        	at org.junit.runners.BlockJUnit4ClassRunner.runChild(BlockJUnit4ClassRunner.java:63)
                        <br>
                        	at org.junit.runners.ParentRunner$4.run(ParentRunner.java:331)
                        <br>
                        	at org.junit.runners.ParentRunner$1.schedule(ParentRunner.java:79)
                        <br>
                        	at org.junit.runners.ParentRunner.runChildren(ParentRunner.java:329)
                        <br>
                        	at org.junit.runners.ParentRunner.access$100(ParentRunner.java:66)
                        <br>
                        	at org.junit.runners.ParentRunner$2.evaluate(ParentRunner.java:293)
                        <br>
                        	at org.junit.runners.ParentRunner$3.evaluate(ParentRunner.java:306)
                        <br>
                        	at org.junit.runners.ParentRunner.run(ParentRunner.java:413)
                        <br>
                        	at junit.framework.JUnit4TestAdapter.run(JUnit4TestAdapter.java:50)
                        <br>
                        	at org.apache.tools.ant.taskdefs.optional.junit.JUnitTestRunner.run(JUnitTestRunner.java:535)
                        <br>
                        	at org.apache.tools.ant.taskdefs.optional.junit.JUnitTestRunner.launch(JUnitTestRunner.java:1197)
                        <br>
                        	at org.apache.tools.ant.taskdefs.optional.junit.JUnitTestRunner.main(JUnitTestRunner.java:1042)
                        <br>
                    </code></td><td>0.002</td>
            </tr>
            <tr valign="top" class="Failure">
                <td><a href="cameras/test/2_ScreenShotTest.html">ScreenShotTest</a></td><td><a name="testIsShifted"></a><a href="cameras/test/2_ScreenShotTest.html#testIsShifted">testIsShifted</a></td><td>Failure</td><td>Error: Should be True
                    <br>
                    <br>
                    <code>junit.framework.AssertionFailedError: Error: Should be True
                        <br>
                        	at org.junit.Assert.fail(Assert.java:89)
                        <br>
                        	at org.junit.Assert.assertTrue(Assert.java:42)
                        <br>
                        	at cameras.test.ScreenShotTest.testIsShifted(ScreenShotTest.java:34)
                        <br>
                        	at java.base/jdk.internal.reflect.NativeMethodAccessorImpl.invoke0(Native Method)
                        <br>
                        	at java.base/jdk.internal.reflect.NativeMethodAccessorImpl.invoke(NativeMethodAccessorImpl.java:78)
                        <br>
                        	at java.base/jdk.internal.reflect.DelegatingMethodAccessorImpl.invoke(DelegatingMethodAccessorImpl.java:43)
                        <br>
                        	at java.base/java.lang.reflect.Method.invoke(Method.java:567)
                        <br>
                        	at org.junit.runners.model.FrameworkMethod$1.runReflectiveCall(FrameworkMethod.java:59)
                        <br>
                        	at org.junit.internal.runners.model.ReflectiveCallable.run(ReflectiveCallable.java:12)
                        <br>
                        	at org.junit.runners.model.FrameworkMethod.invokeExplosively(FrameworkMethod.java:56)
                        <br>
                        	at org.junit.internal.runners.statements.InvokeMethod.evaluate(InvokeMethod.java:17)
                        <br>
                        	at org.junit.runners.ParentRunner$3.evaluate(ParentRunner.java:306)
                        <br>
                        	at org.junit.runners.BlockJUnit4ClassRunner$1.evaluate(BlockJUnit4ClassRunner.java:100)
                        <br>
                        	at org.junit.runners.ParentRunner.runLeaf(ParentRunner.java:366)
                        <br>
                        	at org.junit.runners.BlockJUnit4ClassRunner.runChild(BlockJUnit4ClassRunner.java:103)
                        <br>
                        	at org.junit.runners.BlockJUnit4ClassRunner.runChild(BlockJUnit4ClassRunner.java:63)
                        <br>
                        	at org.junit.runners.ParentRunner$4.run(ParentRunner.java:331)
                        <br>
                        	at org.junit.runners.ParentRunner$1.schedule(ParentRunner.java:79)
                        <br>
                        	at org.junit.runners.ParentRunner.runChildren(ParentRunner.java:329)
                        <br>
                        	at org.junit.runners.ParentRunner.access$100(ParentRunner.java:66)
                        <br>
                        	at org.junit.runners.ParentRunner$2.evaluate(ParentRunner.java:293)
                        <br>
                        	at org.junit.runners.ParentRunner$3.evaluate(ParentRunner.java:306)
                        <br>
                        	at org.junit.runners.ParentRunner.run(ParentRunner.java:413)
                        <br>
                        	at junit.framework.JUnit4TestAdapter.run(JUnit4TestAdapter.java:50)
                        <br>
                        	at org.apache.tools.ant.taskdefs.optional.junit.JUnitTestRunner.run(JUnitTestRunner.java:535)
                        <br>
                        	at org.apache.tools.ant.taskdefs.optional.junit.JUnitTestRunner.launch(JUnitTestRunner.java:1197)
                        <br>
                        	at org.apache.tools.ant.taskdefs.optional.junit.JUnitTestRunner.main(JUnitTestRunner.java:1042)
                        <br>
                    </code></td><td>0.069</td>
            </tr>
            <tr valign="top" class="Failure">
                <td><a href="cameras/test/2_ScreenShotTest.html">ScreenShotTest</a></td><td><a name="testRemoveFloat"></a><a href="cameras/test/2_ScreenShotTest.html#testRemoveFloat">testRemoveFloat</a></td><td>Failure</td><td>expected:&lt;cameras.ScreenShot@74e52ef6&gt; but was:&lt;cameras.ScreenShot@6ed3ccb2&gt;
                    <br>
                    <br>
                    <code>junit.framework.AssertionFailedError: expected:&lt;cameras.ScreenShot@74e52ef6&gt; but was:&lt;cameras.ScreenShot@6ed3ccb2&gt;
                        <br>
                        	at org.junit.Assert.fail(Assert.java:89)
                        <br>
                        	at org.junit.Assert.failNotEquals(Assert.java:835)
                        <br>
                        	at org.junit.Assert.assertEquals(Assert.java:120)
                        <br>
                        	at org.junit.Assert.assertEquals(Assert.java:146)
                        <br>
                        	at cameras.test.ScreenShotTest.testRemoveFloat(ScreenShotTest.java:55)
                        <br>
                        	at java.base/jdk.internal.reflect.NativeMethodAccessorImpl.invoke0(Native Method)
                        <br>
                        	at java.base/jdk.internal.reflect.NativeMethodAccessorImpl.invoke(NativeMethodAccessorImpl.java:78)
                        <br>
                        	at java.base/jdk.internal.reflect.DelegatingMethodAccessorImpl.invoke(DelegatingMethodAccessorImpl.java:43)
                        <br>
                        	at java.base/java.lang.reflect.Method.invoke(Method.java:567)
                        <br>
                        	at org.junit.runners.model.FrameworkMethod$1.runReflectiveCall(FrameworkMethod.java:59)
                        <br>
                        	at org.junit.internal.runners.model.ReflectiveCallable.run(ReflectiveCallable.java:12)
                        <br>
                        	at org.junit.runners.model.FrameworkMethod.invokeExplosively(FrameworkMethod.java:56)
                        <br>
                        	at org.junit.internal.runners.statements.InvokeMethod.evaluate(InvokeMethod.java:17)
                        <br>
                        	at org.junit.runners.ParentRunner$3.evaluate(ParentRunner.java:306)
                        <br>
                        	at org.junit.runners.BlockJUnit4ClassRunner$1.evaluate(BlockJUnit4ClassRunner.java:100)
                        <br>
                        	at org.junit.runners.ParentRunner.runLeaf(ParentRunner.java:366)
                        <br>
                        	at org.junit.runners.BlockJUnit4ClassRunner.runChild(BlockJUnit4ClassRunner.java:103)
                        <br>
                        	at org.junit.runners.BlockJUnit4ClassRunner.runChild(BlockJUnit4ClassRunner.java:63)
                        <br>
                        	at org.junit.runners.ParentRunner$4.run(ParentRunner.java:331)
                        <br>
                        	at org.junit.runners.ParentRunner$1.schedule(ParentRunner.java:79)
                        <br>
                        	at org.junit.runners.ParentRunner.runChildren(ParentRunner.java:329)
                        <br>
                        	at org.junit.runners.ParentRunner.access$100(ParentRunner.java:66)
                        <br>
                        	at org.junit.runners.ParentRunner$2.evaluate(ParentRunner.java:293)
                        <br>
                        	at org.junit.runners.ParentRunner$3.evaluate(ParentRunner.java:306)
                        <br>
                        	at org.junit.runners.ParentRunner.run(ParentRunner.java:413)
                        <br>
                        	at junit.framework.JUnit4TestAdapter.run(JUnit4TestAdapter.java:50)
                        <br>
                        	at org.apache.tools.ant.taskdefs.optional.junit.JUnitTestRunner.run(JUnitTestRunner.java:535)
                        <br>
                        	at org.apache.tools.ant.taskdefs.optional.junit.JUnitTestRunner.launch(JUnitTestRunner.java:1197)
                        <br>
                        	at org.apache.tools.ant.taskdefs.optional.junit.JUnitTestRunner.main(JUnitTestRunner.java:1042)
                        <br>
                    </code></td><td>0.014</td>
            </tr>
            <tr valign="top" class="Failure">
                <td><a href="cameras/test/2_ScreenShotTest.html">ScreenShotTest</a></td><td><a name="testShiftColBy"></a><a href="cameras/test/2_ScreenShotTest.html#testShiftColBy">testShiftColBy</a></td><td>Failure</td><td>expected:&lt;cameras.ScreenShot@489115ef&gt; but was:&lt;cameras.ScreenShot@3857f613&gt;
                    <br>
                    <br>
                    <code>junit.framework.AssertionFailedError: expected:&lt;cameras.ScreenShot@489115ef&gt; but was:&lt;cameras.ScreenShot@3857f613&gt;
                        <br>
                        	at org.junit.Assert.fail(Assert.java:89)
                        <br>
                        	at org.junit.Assert.failNotEquals(Assert.java:835)
                        <br>
                        	at org.junit.Assert.assertEquals(Assert.java:120)
                        <br>
                        	at org.junit.Assert.assertEquals(Assert.java:146)
                        <br>
                        	at cameras.test.ScreenShotTest.testShiftColBy(ScreenShotTest.java:14)
                        <br>
                        	at java.base/jdk.internal.reflect.NativeMethodAccessorImpl.invoke0(Native Method)
                        <br>
                        	at java.base/jdk.internal.reflect.NativeMethodAccessorImpl.invoke(NativeMethodAccessorImpl.java:78)
                        <br>
                        	at java.base/jdk.internal.reflect.DelegatingMethodAccessorImpl.invoke(DelegatingMethodAccessorImpl.java:43)
                        <br>
                        	at java.base/java.lang.reflect.Method.invoke(Method.java:567)
                        <br>
                        	at org.junit.runners.model.FrameworkMethod$1.runReflectiveCall(FrameworkMethod.java:59)
                        <br>
                        	at org.junit.internal.runners.model.ReflectiveCallable.run(ReflectiveCallable.java:12)
                        <br>
                        	at org.junit.runners.model.FrameworkMethod.invokeExplosively(FrameworkMethod.java:56)
                        <br>
                        	at org.junit.internal.runners.statements.InvokeMethod.evaluate(InvokeMethod.java:17)
                        <br>
                        	at org.junit.runners.ParentRunner$3.evaluate(ParentRunner.java:306)
                        <br>
                        	at org.junit.runners.BlockJUnit4ClassRunner$1.evaluate(BlockJUnit4ClassRunner.java:100)
                        <br>
                        	at org.junit.runners.ParentRunner.runLeaf(ParentRunner.java:366)
                        <br>
                        	at org.junit.runners.BlockJUnit4ClassRunner.runChild(BlockJUnit4ClassRunner.java:103)
                        <br>
                        	at org.junit.runners.BlockJUnit4ClassRunner.runChild(BlockJUnit4ClassRunner.java:63)
                        <br>
                        	at org.junit.runners.ParentRunner$4.run(ParentRunner.java:331)
                        <br>
                        	at org.junit.runners.ParentRunner$1.schedule(ParentRunner.java:79)
                        <br>
                        	at org.junit.runners.ParentRunner.runChildren(ParentRunner.java:329)
                        <br>
                        	at org.junit.runners.ParentRunner.access$100(ParentRunner.java:66)
                        <br>
                        	at org.junit.runners.ParentRunner$2.evaluate(ParentRunner.java:293)
                        <br>
                        	at org.junit.runners.ParentRunner$3.evaluate(ParentRunner.java:306)
                        <br>
                        	at org.junit.runners.ParentRunner.run(ParentRunner.java:413)
                        <br>
                        	at junit.framework.JUnit4TestAdapter.run(JUnit4TestAdapter.java:50)
                        <br>
                        	at org.apache.tools.ant.taskdefs.optional.junit.JUnitTestRunner.run(JUnitTestRunner.java:535)
                        <br>
                        	at org.apache.tools.ant.taskdefs.optional.junit.JUnitTestRunner.launch(JUnitTestRunner.java:1197)
                        <br>
                        	at org.apache.tools.ant.taskdefs.optional.junit.JUnitTestRunner.main(JUnitTestRunner.java:1042)
                        <br>
                    </code></td><td>0.001</td>
            </tr>
            <tr valign="top" class="Failure">
                <td><a href="cameras/test/2_ScreenShotTest.html">ScreenShotTest</a></td><td><a name="testShiftRowBy"></a><a href="cameras/test/2_ScreenShotTest.html#testShiftRowBy">testShiftRowBy</a></td><td>Failure</td><td>expected:&lt;cameras.ScreenShot@3c9754d8&gt; but was:&lt;cameras.ScreenShot@3bf7ca37&gt;
                    <br>
                    <br>
                    <code>junit.framework.AssertionFailedError: expected:&lt;cameras.ScreenShot@3c9754d8&gt; but was:&lt;cameras.ScreenShot@3bf7ca37&gt;
                        <br>
                        	at org.junit.Assert.fail(Assert.java:89)
                        <br>
                        	at org.junit.Assert.failNotEquals(Assert.java:835)
                        <br>
                        	at org.junit.Assert.assertEquals(Assert.java:120)
                        <br>
                        	at org.junit.Assert.assertEquals(Assert.java:146)
                        <br>
                        	at cameras.test.ScreenShotTest.testShiftRowBy(ScreenShotTest.java:26)
                        <br>
                        	at java.base/jdk.internal.reflect.NativeMethodAccessorImpl.invoke0(Native Method)
                        <br>
                        	at java.base/jdk.internal.reflect.NativeMethodAccessorImpl.invoke(NativeMethodAccessorImpl.java:78)
                        <br>
                        	at java.base/jdk.internal.reflect.DelegatingMethodAccessorImpl.invoke(DelegatingMethodAccessorImpl.java:43)
                        <br>
                        	at java.base/java.lang.reflect.Method.invoke(Method.java:567)
                        <br>
                        	at org.junit.runners.model.FrameworkMethod$1.runReflectiveCall(FrameworkMethod.java:59)
                        <br>
                        	at org.junit.internal.runners.model.ReflectiveCallable.run(ReflectiveCallable.java:12)
                        <br>
                        	at org.junit.runners.model.FrameworkMethod.invokeExplosively(FrameworkMethod.java:56)
                        <br>
                        	at org.junit.internal.runners.statements.InvokeMethod.evaluate(InvokeMethod.java:17)
                        <br>
                        	at org.junit.runners.ParentRunner$3.evaluate(ParentRunner.java:306)
                        <br>
                        	at org.junit.runners.BlockJUnit4ClassRunner$1.evaluate(BlockJUnit4ClassRunner.java:100)
                        <br>
                        	at org.junit.runners.ParentRunner.runLeaf(ParentRunner.java:366)
                        <br>
                        	at org.junit.runners.BlockJUnit4ClassRunner.runChild(BlockJUnit4ClassRunner.java:103)
                        <br>
                        	at org.junit.runners.BlockJUnit4ClassRunner.runChild(BlockJUnit4ClassRunner.java:63)
                        <br>
                        	at org.junit.runners.ParentRunner$4.run(ParentRunner.java:331)
                        <br>
                        	at org.junit.runners.ParentRunner$1.schedule(ParentRunner.java:79)
                        <br>
                        	at org.junit.runners.ParentRunner.runChildren(ParentRunner.java:329)
                        <br>
                        	at org.junit.runners.ParentRunner.access$100(ParentRunner.java:66)
                        <br>
                        	at org.junit.runners.ParentRunner$2.evaluate(ParentRunner.java:293)
                        <br>
                        	at org.junit.runners.ParentRunner$3.evaluate(ParentRunner.java:306)
                        <br>
                        	at org.junit.runners.ParentRunner.run(ParentRunner.java:413)
                        <br>
                        	at junit.framework.JUnit4TestAdapter.run(JUnit4TestAdapter.java:50)
                        <br>
                        	at org.apache.tools.ant.taskdefs.optional.junit.JUnitTestRunner.run(JUnitTestRunner.java:535)
                        <br>
                        	at org.apache.tools.ant.taskdefs.optional.junit.JUnitTestRunner.launch(JUnitTestRunner.java:1197)
                        <br>
                        	at org.apache.tools.ant.taskdefs.optional.junit.JUnitTestRunner.main(JUnitTestRunner.java:1042)
                        <br>
                    </code></td><td>0.002</td>
            </tr>
        </table>
    </body>
</html>
